<?xml version="1.0" encoding="UTF-8"?>
<!-- Generated by org.testng.reporters.JUnitReportReporter -->
<testsuite hostname="DESKTOP-T9E3E67" failures="0" tests="4" name="project_snapdeal.searchtheproduct" time="157.015" errors="0" timestamp="2023-10-15T20:08:37 IST" skipped="0">
  <testcase classname="project_snapdeal.searchtheproduct" name="enterProductPage" time="0.356"/>
  <system-out/>
  <testcase classname="project_snapdeal.searchtheproduct" name="selectPhone" time="0.504"/>
  <system-out/>
  <testcase classname="project_snapdeal.searchtheproduct" name="openapp" time="116.805"/>
  <system-out/>
  <testcase classname="project_snapdeal.searchtheproduct" name="searchtheprodut" time="39.350"/>
  <system-out/>
</testsuite> <!-- project_snapdeal.searchtheproduct -->
