<?xml version="1.0" encoding="UTF-8"?>
<!-- Generated by org.testng.reporters.JUnitReportReporter -->
<testsuite hostname="DESKTOP-T9E3E67" failures="0" tests="4" name="project_snapdeal.registerIwanttosale" time="34.581" errors="0" timestamp="2023-10-17T09:19:29 IST" skipped="0">
  <testcase classname="project_snapdeal.registerIwanttosale" name="openapp" time="24.408"/>
  <system-out/>
  <testcase classname="project_snapdeal.registerIwanttosale" name="entertosale" time="5.024"/>
  <system-out/>
  <testcase classname="project_snapdeal.registerIwanttosale" name="register" time="0.467"/>
  <system-out/>
  <testcase classname="project_snapdeal.registerIwanttosale" name="watchtrainingvideo" time="4.682"/>
  <system-out/>
</testsuite> <!-- project_snapdeal.registerIwanttosale -->
